The MPI test test_mpi for C in mode normal failed to compile with the following output:
Change Dir: /home/wu/Desktop/Courses/CSCE435/CSCE435_Group26_Project_2024/MPI_Builds/CMakeFiles/CMakeTmp

Run Build Command(s):/usr/bin/gmake -f Makefile cmTC_29d00/fast && /usr/bin/gmake  -f CMakeFiles/cmTC_29d00.dir/build.make CMakeFiles/cmTC_29d00.dir/build
gmake[1]: Entering directory '/home/wu/Desktop/Courses/CSCE435/CSCE435_Group26_Project_2024/MPI_Builds/CMakeFiles/CMakeTmp'
Building C object CMakeFiles/cmTC_29d00.dir/test_mpi.c.o
/usr/bin/cc    -o CMakeFiles/cmTC_29d00.dir/test_mpi.c.o -c /usr/share/cmake-3.22/Modules/FindMPI/test_mpi.c
/usr/share/cmake-3.22/Modules/FindMPI/test_mpi.c:1:10: fatal error: mpi.h: No such file or directory
    1 | #include <mpi.h>
      |          ^~~~~~~
compilation terminated.
gmake[1]: *** [CMakeFiles/cmTC_29d00.dir/build.make:78: CMakeFiles/cmTC_29d00.dir/test_mpi.c.o] Error 1
gmake[1]: Leaving directory '/home/wu/Desktop/Courses/CSCE435/CSCE435_Group26_Project_2024/MPI_Builds/CMakeFiles/CMakeTmp'
gmake: *** [Makefile:127: cmTC_29d00/fast] Error 2



The MPI test test_mpi for CXX in mode normal failed to compile with the following output:
Change Dir: /home/wu/Desktop/Courses/CSCE435/CSCE435_Group26_Project_2024/MPI_Builds/CMakeFiles/CMakeTmp

Run Build Command(s):/usr/bin/gmake -f Makefile cmTC_f0c67/fast && /usr/bin/gmake  -f CMakeFiles/cmTC_f0c67.dir/build.make CMakeFiles/cmTC_f0c67.dir/build
gmake[1]: Entering directory '/home/wu/Desktop/Courses/CSCE435/CSCE435_Group26_Project_2024/MPI_Builds/CMakeFiles/CMakeTmp'
Building CXX object CMakeFiles/cmTC_f0c67.dir/test_mpi.cpp.o
/usr/bin/c++    -o CMakeFiles/cmTC_f0c67.dir/test_mpi.cpp.o -c /home/wu/Desktop/Courses/CSCE435/CSCE435_Group26_Project_2024/MPI_Builds/CMakeFiles/FindMPI/test_mpi.cpp
/home/wu/Desktop/Courses/CSCE435/CSCE435_Group26_Project_2024/MPI_Builds/CMakeFiles/FindMPI/test_mpi.cpp:1:10: fatal error: mpi.h: No such file or directory
    1 | #include <mpi.h>
      |          ^~~~~~~
compilation terminated.
gmake[1]: *** [CMakeFiles/cmTC_f0c67.dir/build.make:78: CMakeFiles/cmTC_f0c67.dir/test_mpi.cpp.o] Error 1
gmake[1]: Leaving directory '/home/wu/Desktop/Courses/CSCE435/CSCE435_Group26_Project_2024/MPI_Builds/CMakeFiles/CMakeTmp'
gmake: *** [Makefile:127: cmTC_f0c67/fast] Error 2



